<?xml version="1.0" encoding="UTF-8"?>
<!-- Generated by org.testng.reporters.JUnitXMLReporter -->
<testsuite ignored="0" hostname="Apples-MacBook-Pro.local" failures="0" tests="8" name="Default test" time="9.942" errors="0" timestamp="2023-07-20T11:12:53 IST">
  <testcase classname="com.id.LogIn" name="Login" time="3.88"/>
  <testcase classname="com.id.LogIn" name="StateList" time="0.855"/>
  <testcase classname="com.id.LogIn" name="CityList" time="1.061"/>
  <testcase classname="com.id.LogIn" name="addAddressUser" time="0.872"/>
  <testcase classname="com.id.LogIn" name="UpdateAddressUser" time="0.826"/>
  <testcase classname="com.id.LogIn" name="getAllAddress" time="0.823"/>
  <testcase classname="com.id.LogIn" name="DeleteAddress" time="0.825"/>
  <testcase classname="com.id.LogIn" name="SearchProduct" time="0.683"/>
</testsuite> <!-- Default test -->
