<?xml version="1.0" encoding="UTF-8"?>
<testng-results ignored="0" total="8" passed="8" failed="0" skipped="0">
  <reporter-output>
  </reporter-output>
  <suite started-at="2023-07-20T11:12:43 IST" name="Default suite" finished-at="2023-07-20T11:12:52 IST" duration-ms="9942">
    <groups>
    </groups>
    <test started-at="2023-07-20T11:12:43 IST" name="Default test" finished-at="2023-07-20T11:12:52 IST" duration-ms="9942">
      <class name="com.id.LogIn">
        <test-method signature="Login()[pri:1, instance:com.id.LogIn@6ef888f6]" started-at="2023-07-20T11:12:43 IST" name="Login" finished-at="2023-07-20T11:12:46 IST" duration-ms="3880" status="PASS">
          <reporter-output>
          </reporter-output>
        </test-method> <!-- Login -->
        <test-method signature="StateList()[pri:2, instance:com.id.LogIn@6ef888f6]" started-at="2023-07-20T11:12:46 IST" name="StateList" finished-at="2023-07-20T11:12:47 IST" duration-ms="855" status="PASS">
          <reporter-output>
          </reporter-output>
        </test-method> <!-- StateList -->
        <test-method signature="CityList()[pri:3, instance:com.id.LogIn@6ef888f6]" started-at="2023-07-20T11:12:47 IST" name="CityList" finished-at="2023-07-20T11:12:48 IST" duration-ms="1061" status="PASS">
          <reporter-output>
          </reporter-output>
        </test-method> <!-- CityList -->
        <test-method signature="addAddressUser()[pri:4, instance:com.id.LogIn@6ef888f6]" started-at="2023-07-20T11:12:48 IST" name="addAddressUser" finished-at="2023-07-20T11:12:49 IST" duration-ms="872" status="PASS">
          <reporter-output>
          </reporter-output>
        </test-method> <!-- addAddressUser -->
        <test-method signature="UpdateAddressUser()[pri:5, instance:com.id.LogIn@6ef888f6]" started-at="2023-07-20T11:12:49 IST" name="UpdateAddressUser" finished-at="2023-07-20T11:12:50 IST" duration-ms="826" status="PASS">
          <reporter-output>
          </reporter-output>
        </test-method> <!-- UpdateAddressUser -->
        <test-method signature="getAllAddress()[pri:6, instance:com.id.LogIn@6ef888f6]" started-at="2023-07-20T11:12:50 IST" name="getAllAddress" finished-at="2023-07-20T11:12:51 IST" duration-ms="823" status="PASS">
          <reporter-output>
          </reporter-output>
        </test-method> <!-- getAllAddress -->
        <test-method signature="DeleteAddress()[pri:7, instance:com.id.LogIn@6ef888f6]" started-at="2023-07-20T11:12:51 IST" name="DeleteAddress" finished-at="2023-07-20T11:12:52 IST" duration-ms="825" status="PASS">
          <reporter-output>
          </reporter-output>
        </test-method> <!-- DeleteAddress -->
        <test-method signature="SearchProduct()[pri:8, instance:com.id.LogIn@6ef888f6]" started-at="2023-07-20T11:12:52 IST" name="SearchProduct" finished-at="2023-07-20T11:12:52 IST" duration-ms="683" status="PASS">
          <reporter-output>
          </reporter-output>
        </test-method> <!-- SearchProduct -->
      </class> <!-- com.id.LogIn -->
    </test> <!-- Default test -->
  </suite> <!-- Default suite -->
</testng-results>
